<?xml version="1.0" encoding="UTF-8"?>
<testsuite name="M05 - TCM Results Sync-1" tests="2" failures="0" time="169.172">
  <properties>
    <property name="Type" value="desktop"/>
    <property name="Browsers" value="Chrome"/>
    <property name="IP Geolocation" value=""/>
    <property name="Local Testing" value="false"/>
    <property name="Environment Host URL" value=""/>
  </properties>
  <testcase name="M01-US02: Clicking Men Opens Men's Fashion Page with Exactly 16 Product Listings" time="27.73">
    <properties>
      <property name="Resolution" value="{&quot;width&quot;=&gt;1600, &quot;height&quot;=&gt;900, &quot;scroll&quot;=&gt;{}, &quot;outerWidth&quot;=&gt;1600, &quot;outerHeight&quot;=&gt;900, &quot;resolutionLabel&quot;=&gt;&quot;1600x900&quot;, &quot;deviceScaleFactor&quot;=&gt;1}"/>
      <property name="Browser" value="Chrome"/>
      <property name="Browser version" value="148"/>
      <property name="Device name" value=""/>
      <property name="Real device" value="false"/>
      <property name="Scenario name" value=""/>
      <property name="id" value="TC-300"/>
    </properties>
  </testcase>
  <testcase name="M01-US02: Product Names, Prices, and Images Display Correctly and Navigate to Detail Pages" time="128.89">
    <properties>
      <property name="Resolution" value="{&quot;width&quot;=&gt;1600, &quot;height&quot;=&gt;900, &quot;scroll&quot;=&gt;{}, &quot;outerWidth&quot;=&gt;1600, &quot;outerHeight&quot;=&gt;900, &quot;resolutionLabel&quot;=&gt;&quot;1600x900&quot;, &quot;deviceScaleFactor&quot;=&gt;1}"/>
      <property name="Browser" value="Chrome"/>
      <property name="Browser version" value="148"/>
      <property name="Device name" value=""/>
      <property name="Real device" value="false"/>
      <property name="Scenario name" value=""/>
      <property name="id" value="TC-301"/>
    </properties>
  </testcase>
</testsuite>
